<?xml version="1.0" encoding="utf-8"?>
<TestRun id="dfe7d7b7-10a6-4188-9644-e89347342dd5" name="DESKTOP-JLNE7M6$@DESKTOP-JLNE7M6 2020-08-06 12:58:37" runUser="NT AUTHORITY\SYSTEM" xmlns="http://microsoft.com/schemas/VisualStudio/TeamTest/2010">
  <Times creation="2020-08-06T12:58:37.9252810+04:30" queuing="2020-08-06T12:58:37.9252810+04:30" start="2020-08-06T12:58:36.5796360+04:30" finish="2020-08-06T12:58:37.9657571+04:30" />
  <TestSettings name="default" id="7bf7a6b5-55be-493d-972a-13a38607efce">
    <Deployment runDeploymentRoot="DESKTOP-JLNE7M6$_DESKTOP-JLNE7M6_2020-08-06_12_58_37" />
  </TestSettings>
  <Results>
    <UnitTestResult executionId="1dffb6c3-5f0e-4e90-874a-290cc6649192" testId="2697c878-f74a-181a-8c25-78135bf59fc3" testName="TestMethod1" computerName="DESKTOP-JLNE7M6" duration="00:00:00.0059357" startTime="2020-08-06T12:58:37.5497762+04:30" endTime="2020-08-06T12:58:37.6074682+04:30" testType="13cdc9d9-ddb5-4fa4-a97d-d965ccfc6d4b" outcome="Passed" testListId="8c84fa94-04c1-424b-9868-57a2d4851a1d" relativeResultsDirectory="1dffb6c3-5f0e-4e90-874a-290cc6649192" />
  </Results>
  <TestDefinitions>
    <UnitTest name="TestMethod1" storage="g:\gitlabs\testjenkins\mainui\mainuitest\bin\debug\netcoreapp3.1\mainuitest.dll" id="2697c878-f74a-181a-8c25-78135bf59fc3">
      <Execution id="1dffb6c3-5f0e-4e90-874a-290cc6649192" />
      <TestMethod codeBase="G:\GitLabs\TestJenkins\MainUI\MainUITest\bin\Debug\netcoreapp3.1\MainUITest.dll" adapterTypeName="executor://mstestadapter/v2" className="MainUITest.UnitTest1" name="TestMethod1" />
    </UnitTest>
  </TestDefinitions>
  <TestEntries>
    <TestEntry testId="2697c878-f74a-181a-8c25-78135bf59fc3" executionId="1dffb6c3-5f0e-4e90-874a-290cc6649192" testListId="8c84fa94-04c1-424b-9868-57a2d4851a1d" />
  </TestEntries>
  <TestLists>
    <TestList name="Results Not in a List" id="8c84fa94-04c1-424b-9868-57a2d4851a1d" />
    <TestList name="All Loaded Results" id="19431567-8539-422a-85d7-44ee4e166bda" />
  </TestLists>
  <ResultSummary outcome="Completed">
    <Counters total="1" executed="1" passed="1" failed="0" error="0" timeout="0" aborted="0" inconclusive="0" passedButRunAborted="0" notRunnable="0" notExecuted="0" disconnected="0" warning="0" completed="0" inProgress="0" pending="0" />
  </ResultSummary>
</TestRun>